<?xml version="1.0" encoding="UTF-8"?>
<Site BuildName="(empty)"
	BuildStamp="20230809-0656-Experimental"
	Name="zhang-Lenovo-XiaoXinPro-13IML-2020"
	Generator="ctest-3.16.3"
	CompilerName="/usr/bin/g++"
	CompilerVersion="9.4.0"
	OSName="Linux"
	Hostname="zhang-Lenovo-XiaoXinPro-13IML-2020"
	OSRelease="5.15.0-73-generic"
	OSVersion="#80~20.04.1-Ubuntu SMP Wed May 17 14:58:14 UTC 2023"
	OSPlatform="x86_64"
	Is64Bits="1"
	VendorString="GenuineIntel"
	VendorID="Intel Corporation"
	FamilyID="6"
	ModelID="142"
	ProcessorCacheSize="6144"
	NumberOfLogicalCPU="8"
	NumberOfPhysicalCPU="4"
	TotalVirtualMemory="2047"
	TotalPhysicalMemory="15828"
	LogicalProcessorsPerPhysical="2"
	ProcessorClockFrequency="1600"
	>
	<Testing>
		<StartDateTime>Aug 09 09:01 EDT</StartDateTime>
		<StartTestTime>1691586099</StartTestTime>
		<TestList/>
		<EndDateTime>Aug 09 09:01 EDT</EndDateTime>
		<EndTestTime>1691586099</EndTestTime>
		<ElapsedMinutes>0</ElapsedMinutes>
	</Testing>
</Site>
