<?xml version="1.0" encoding="UTF-8"?>
<Site BuildName="(empty)"
	BuildStamp="20230816-1259-Experimental"
	Name="zrcs-Virtual-Machine"
	Generator="ctest-3.16.3"
	CompilerName="/usr/bin/g++"
	CompilerVersion="9.4.0"
	OSName="Linux"
	Hostname="zrcs-Virtual-Machine"
	OSRelease="5.4.0-117-generic"
	OSVersion="#132-Ubuntu SMP Thu Jun 2 00:39:06 UTC 2022"
	OSPlatform="x86_64"
	Is64Bits="1"
	VendorString="GenuineIntel"
	VendorID="Intel Corporation"
	FamilyID="6"
	ModelID="151"
	ProcessorCacheSize="25600"
	NumberOfLogicalCPU="18"
	NumberOfPhysicalCPU="9"
	TotalVirtualMemory="0"
	TotalPhysicalMemory="16005"
	LogicalProcessorsPerPhysical="2"
	ProcessorClockFrequency="2112"
	>
	<Testing>
		<StartDateTime>Aug 16 20:59 CST</StartDateTime>
		<StartTestTime>1692190764</StartTestTime>
		<TestList/>
		<EndDateTime>Aug 16 20:59 CST</EndDateTime>
		<EndTestTime>1692190764</EndTestTime>
		<ElapsedMinutes>0</ElapsedMinutes>
	</Testing>
</Site>
